{"C:/Users/migodau/Documents/Workspace/_templates/mcg-react-ts-routing-template/src/pages/Home/Home.styles.tsx": {"path":"C:/Users/migodau/Documents/Workspace/_templates/mcg-react-ts-routing-template/src/pages/Home/Home.styles.tsx","statementMap":{"0":{"start":{"line":3,"column":24},"end":{"line":3,"column":null}}},"fnMap":{},"branchMap":{},"s":{"0":1},"f":{},"b":{}}
,"C:/Users/migodau/Documents/Workspace/_templates/mcg-react-ts-routing-template/src/pages/Home/Home.tsx": {"path":"C:/Users/migodau/Documents/Workspace/_templates/mcg-react-ts-routing-template/src/pages/Home/Home.tsx","statementMap":{"0":{"start":{"line":4,"column":17},"end":{"line":7,"column":null}},"1":{"start":{"line":5,"column":2},"end":{"line":7,"column":null}}},"fnMap":{"0":{"name":"(anonymous_0)","decl":{"start":{"line":4,"column":17},"end":{"line":4,"column":null}},"loc":{"start":{"line":5,"column":2},"end":{"line":7,"column":null}}}},"branchMap":{},"s":{"0":1,"1":1},"f":{"0":1},"b":{}}
,"C:/Users/migodau/Documents/Workspace/_templates/mcg-react-ts-routing-template/test/test-utils.tsx": {"path":"C:/Users/migodau/Documents/Workspace/_templates/mcg-react-ts-routing-template/test/test-utils.tsx","statementMap":{"0":{"start":{"line":10,"column":53},"end":{"line":14,"column":null}},"1":{"start":{"line":11,"column":2},"end":{"line":12,"column":null}},"2":{"start":{"line":16,"column":21},"end":{"line":19,"column":null}},"3":{"start":{"line":19,"column":19},"end":{"line":19,"column":null}}},"fnMap":{"0":{"name":"(anonymous_0)","decl":{"start":{"line":10,"column":53},"end":{"line":10,"column":54}},"loc":{"start":{"line":10,"column":71},"end":{"line":14,"column":null}}},"1":{"name":"(anonymous_1)","decl":{"start":{"line":16,"column":21},"end":{"line":16,"column":null}},"loc":{"start":{"line":19,"column":19},"end":{"line":19,"column":null}}}},"branchMap":{},"s":{"0":1,"1":1,"2":1,"3":1},"f":{"0":1,"1":1},"b":{}}
}
